PROJET/build/Android_Qt_6_9_1_Clang_arm64_v8a-Debug/android-build-appPROJET/build/intermediates/manifest_merge_blame_file/debug/processDebugMainManifest/manifest-merger-blame-debug-report.txt
1<?xml version="1.0" encoding="utf-8"?>
2<manifest xmlns:android="http://schemas.android.com/apk/res/android"
3    package="org.qtproject.example.appPROJET"
4    android:installLocation="auto"
5    android:versionCode="1"
6    android:versionName="1.0" >
7
8    <uses-sdk
9        android:minSdkVersion="28"
10        android:targetSdkVersion="35" />
11
12    <uses-permission android:name="android.permission.ACCESS_NETWORK_STATE" />
12-->Android_Qt_6_9_1_Clang_arm64_v8a-Debug/android-build-appPROJET/AndroidManifest.xml:3:5-80
12-->Android_Qt_6_9_1_Clang_arm64_v8a-Debug/android-build-appPROJET/AndroidManifest.xml:3:22-76
13    <uses-permission android:name="android.permission.INTERNET" />
13-->Android_Qt_6_9_1_Clang_arm64_v8a-Debug/android-build-appPROJET/AndroidManifest.xml:4:5-68
13-->Android_Qt_6_9_1_Clang_arm64_v8a-Debug/android-build-appPROJET/AndroidManifest.xml:4:22-64
14    <uses-permission android:name="android.permission.WRITE_EXTERNAL_STORAGE" />
14-->Android_Qt_6_9_1_Clang_arm64_v8a-Debug/android-build-appPROJET/AndroidManifest.xml:5:5-82
14-->Android_Qt_6_9_1_Clang_arm64_v8a-Debug/android-build-appPROJET/AndroidManifest.xml:5:22-78
15
16    <supports-screens
16-->Android_Qt_6_9_1_Clang_arm64_v8a-Debug/android-build-appPROJET/AndroidManifest.xml:6:5-135
17        android:anyDensity="true"
17-->Android_Qt_6_9_1_Clang_arm64_v8a-Debug/android-build-appPROJET/AndroidManifest.xml:6:23-48
18        android:largeScreens="true"
18-->Android_Qt_6_9_1_Clang_arm64_v8a-Debug/android-build-appPROJET/AndroidManifest.xml:6:49-76
19        android:normalScreens="true"
19-->Android_Qt_6_9_1_Clang_arm64_v8a-Debug/android-build-appPROJET/AndroidManifest.xml:6:77-105
20        android:smallScreens="true" />
20-->Android_Qt_6_9_1_Clang_arm64_v8a-Debug/android-build-appPROJET/AndroidManifest.xml:6:106-133
21
22    <permission
22-->[androidx.core:core:1.13.1] AndroidManifest.xml:22:5-24:47
23        android:name="org.qtproject.example.appPROJET.DYNAMIC_RECEIVER_NOT_EXPORTED_PERMISSION"
23-->[androidx.core:core:1.13.1] AndroidManifest.xml:23:9-81
24        android:protectionLevel="signature" />
24-->[androidx.core:core:1.13.1] AndroidManifest.xml:24:9-44
25
26    <uses-permission android:name="org.qtproject.example.appPROJET.DYNAMIC_RECEIVER_NOT_EXPORTED_PERMISSION" />
26-->[androidx.core:core:1.13.1] AndroidManifest.xml:26:5-97
26-->[androidx.core:core:1.13.1] AndroidManifest.xml:26:22-94
27
28    <application
28-->Android_Qt_6_9_1_Clang_arm64_v8a-Debug/android-build-appPROJET/AndroidManifest.xml:7:5-20:19
29        android:name="org.qtproject.qt.android.bindings.QtApplication"
29-->Android_Qt_6_9_1_Clang_arm64_v8a-Debug/android-build-appPROJET/AndroidManifest.xml:7:18-80
30        android:allowBackup="true"
30-->Android_Qt_6_9_1_Clang_arm64_v8a-Debug/android-build-appPROJET/AndroidManifest.xml:7:216-242
31        android:appComponentFactory="androidx.core.app.CoreComponentFactory"
31-->[androidx.core:core:1.13.1] AndroidManifest.xml:28:18-86
32        android:debuggable="true"
33        android:extractNativeLibs="false"
34        android:fullBackupOnly="false"
34-->Android_Qt_6_9_1_Clang_arm64_v8a-Debug/android-build-appPROJET/AndroidManifest.xml:7:243-273
35        android:hardwareAccelerated="true"
35-->Android_Qt_6_9_1_Clang_arm64_v8a-Debug/android-build-appPROJET/AndroidManifest.xml:7:81-115
36        android:icon="@drawable/icon"
36-->Android_Qt_6_9_1_Clang_arm64_v8a-Debug/android-build-appPROJET/AndroidManifest.xml:7:142-171
37        android:label="appPROJET"
37-->Android_Qt_6_9_1_Clang_arm64_v8a-Debug/android-build-appPROJET/AndroidManifest.xml:7:116-141
38        android:requestLegacyExternalStorage="true" >
38-->Android_Qt_6_9_1_Clang_arm64_v8a-Debug/android-build-appPROJET/AndroidManifest.xml:7:172-215
39        <activity
39-->Android_Qt_6_9_1_Clang_arm64_v8a-Debug/android-build-appPROJET/AndroidManifest.xml:8:9-15:20
40            android:name="org.qtproject.qt.android.bindings.QtActivity"
40-->Android_Qt_6_9_1_Clang_arm64_v8a-Debug/android-build-appPROJET/AndroidManifest.xml:8:19-78
41            android:configChanges="orientation|uiMode|screenLayout|screenSize|smallestScreenSize|layoutDirection|locale|fontScale|keyboard|keyboardHidden|navigation|mcc|mnc|density"
41-->Android_Qt_6_9_1_Clang_arm64_v8a-Debug/android-build-appPROJET/AndroidManifest.xml:8:79-248
42            android:exported="true"
42-->Android_Qt_6_9_1_Clang_arm64_v8a-Debug/android-build-appPROJET/AndroidManifest.xml:8:320-343
43            android:label=""
43-->Android_Qt_6_9_1_Clang_arm64_v8a-Debug/android-build-appPROJET/AndroidManifest.xml:8:344-360
44            android:launchMode="singleTop"
44-->Android_Qt_6_9_1_Clang_arm64_v8a-Debug/android-build-appPROJET/AndroidManifest.xml:8:249-279
45            android:screenOrientation="unspecified" >
45-->Android_Qt_6_9_1_Clang_arm64_v8a-Debug/android-build-appPROJET/AndroidManifest.xml:8:280-319
46            <intent-filter>
46-->Android_Qt_6_9_1_Clang_arm64_v8a-Debug/android-build-appPROJET/AndroidManifest.xml:9:13-12:29
47                <action android:name="android.intent.action.MAIN" />
47-->Android_Qt_6_9_1_Clang_arm64_v8a-Debug/android-build-appPROJET/AndroidManifest.xml:10:17-68
47-->Android_Qt_6_9_1_Clang_arm64_v8a-Debug/android-build-appPROJET/AndroidManifest.xml:10:25-66
48
49                <category android:name="android.intent.category.LAUNCHER" />
49-->Android_Qt_6_9_1_Clang_arm64_v8a-Debug/android-build-appPROJET/AndroidManifest.xml:11:17-76
49-->Android_Qt_6_9_1_Clang_arm64_v8a-Debug/android-build-appPROJET/AndroidManifest.xml:11:27-74
50            </intent-filter>
51
52            <meta-data
52-->Android_Qt_6_9_1_Clang_arm64_v8a-Debug/android-build-appPROJET/AndroidManifest.xml:13:13-87
53                android:name="android.app.lib_name"
53-->Android_Qt_6_9_1_Clang_arm64_v8a-Debug/android-build-appPROJET/AndroidManifest.xml:13:24-59
54                android:value="appPROJET" />
54-->Android_Qt_6_9_1_Clang_arm64_v8a-Debug/android-build-appPROJET/AndroidManifest.xml:13:60-85
55            <meta-data
55-->Android_Qt_6_9_1_Clang_arm64_v8a-Debug/android-build-appPROJET/AndroidManifest.xml:14:13-79
56                android:name="android.app.arguments"
56-->Android_Qt_6_9_1_Clang_arm64_v8a-Debug/android-build-appPROJET/AndroidManifest.xml:14:24-60
57                android:value="" />
57-->Android_Qt_6_9_1_Clang_arm64_v8a-Debug/android-build-appPROJET/AndroidManifest.xml:14:61-77
58        </activity>
59
60        <provider
61            android:name="androidx.core.content.FileProvider"
61-->Android_Qt_6_9_1_Clang_arm64_v8a-Debug/android-build-appPROJET/AndroidManifest.xml:17:19-68
62            android:authorities="org.qtproject.example.appPROJET.qtprovider"
62-->Android_Qt_6_9_1_Clang_arm64_v8a-Debug/android-build-appPROJET/AndroidManifest.xml:17:69-118
63            android:exported="false"
63-->Android_Qt_6_9_1_Clang_arm64_v8a-Debug/android-build-appPROJET/AndroidManifest.xml:17:119-143
64            android:grantUriPermissions="true" >
64-->Android_Qt_6_9_1_Clang_arm64_v8a-Debug/android-build-appPROJET/AndroidManifest.xml:17:144-178
65            <meta-data
65-->Android_Qt_6_9_1_Clang_arm64_v8a-Debug/android-build-appPROJET/AndroidManifest.xml:18:13-117
66                android:name="android.support.FILE_PROVIDER_PATHS"
66-->Android_Qt_6_9_1_Clang_arm64_v8a-Debug/android-build-appPROJET/AndroidManifest.xml:18:24-74
67                android:resource="@xml/qtprovider_paths" />
67-->Android_Qt_6_9_1_Clang_arm64_v8a-Debug/android-build-appPROJET/AndroidManifest.xml:18:75-115
68        </provider>
69        <provider
69-->[androidx.profileinstaller:profileinstaller:1.3.0] AndroidManifest.xml:24:9-32:20
70            android:name="androidx.startup.InitializationProvider"
70-->[androidx.profileinstaller:profileinstaller:1.3.0] AndroidManifest.xml:25:13-67
71            android:authorities="org.qtproject.example.appPROJET.androidx-startup"
71-->[androidx.profileinstaller:profileinstaller:1.3.0] AndroidManifest.xml:26:13-68
72            android:exported="false" >
72-->[androidx.profileinstaller:profileinstaller:1.3.0] AndroidManifest.xml:27:13-37
73            <meta-data
73-->[androidx.profileinstaller:profileinstaller:1.3.0] AndroidManifest.xml:29:13-31:52
74                android:name="androidx.profileinstaller.ProfileInstallerInitializer"
74-->[androidx.profileinstaller:profileinstaller:1.3.0] AndroidManifest.xml:30:17-85
75                android:value="androidx.startup" />
75-->[androidx.profileinstaller:profileinstaller:1.3.0] AndroidManifest.xml:31:17-49
76        </provider>
77
78        <receiver
78-->[androidx.profileinstaller:profileinstaller:1.3.0] AndroidManifest.xml:34:9-52:20
79            android:name="androidx.profileinstaller.ProfileInstallReceiver"
79-->[androidx.profileinstaller:profileinstaller:1.3.0] AndroidManifest.xml:35:13-76
80            android:directBootAware="false"
80-->[androidx.profileinstaller:profileinstaller:1.3.0] AndroidManifest.xml:36:13-44
81            android:enabled="true"
81-->[androidx.profileinstaller:profileinstaller:1.3.0] AndroidManifest.xml:37:13-35
82            android:exported="true"
82-->[androidx.profileinstaller:profileinstaller:1.3.0] AndroidManifest.xml:38:13-36
83            android:permission="android.permission.DUMP" >
83-->[androidx.profileinstaller:profileinstaller:1.3.0] AndroidManifest.xml:39:13-57
84            <intent-filter>
84-->[androidx.profileinstaller:profileinstaller:1.3.0] AndroidManifest.xml:40:13-42:29
85                <action android:name="androidx.profileinstaller.action.INSTALL_PROFILE" />
85-->[androidx.profileinstaller:profileinstaller:1.3.0] AndroidManifest.xml:41:17-91
85-->[androidx.profileinstaller:profileinstaller:1.3.0] AndroidManifest.xml:41:25-88
86            </intent-filter>
87            <intent-filter>
87-->[androidx.profileinstaller:profileinstaller:1.3.0] AndroidManifest.xml:43:13-45:29
88                <action android:name="androidx.profileinstaller.action.SKIP_FILE" />
88-->[androidx.profileinstaller:profileinstaller:1.3.0] AndroidManifest.xml:44:17-85
88-->[androidx.profileinstaller:profileinstaller:1.3.0] AndroidManifest.xml:44:25-82
89            </intent-filter>
90            <intent-filter>
90-->[androidx.profileinstaller:profileinstaller:1.3.0] AndroidManifest.xml:46:13-48:29
91                <action android:name="androidx.profileinstaller.action.SAVE_PROFILE" />
91-->[androidx.profileinstaller:profileinstaller:1.3.0] AndroidManifest.xml:47:17-88
91-->[androidx.profileinstaller:profileinstaller:1.3.0] AndroidManifest.xml:47:25-85
92            </intent-filter>
93            <intent-filter>
93-->[androidx.profileinstaller:profileinstaller:1.3.0] AndroidManifest.xml:49:13-51:29
94                <action android:name="androidx.profileinstaller.action.BENCHMARK_OPERATION" />
94-->[androidx.profileinstaller:profileinstaller:1.3.0] AndroidManifest.xml:50:17-95
94-->[androidx.profileinstaller:profileinstaller:1.3.0] AndroidManifest.xml:50:25-92
95            </intent-filter>
96        </receiver>
97    </application>
98
99</manifest>